<?xml version="1.0" encoding="UTF-8"?>
<testsuite name="com.amazon.ata.unittesting.AtaAdditionTest" tests="6" skipped="0" failures="0" errors="0" timestamp="2024-08-31T01:52:26" hostname="LAPTOP-EGCF1D9K" time="0.039">
  <properties/>
  <testcase name="add_singleInteger_returnsTheInteger()" classname="com.amazon.ata.unittesting.AtaAdditionTest" time="0.028"/>
  <testcase name="add_emptyArray_returnsZero()" classname="com.amazon.ata.unittesting.AtaAdditionTest" time="0.001"/>
  <testcase name="add_sumOutOfBoundsMax_throwsArithmeticException()" classname="com.amazon.ata.unittesting.AtaAdditionTest" time="0.003"/>
  <testcase name="add_nullArray_returnsZero()" classname="com.amazon.ata.unittesting.AtaAdditionTest" time="0.0"/>
  <testcase name="add_twoIntegers_returnsTheirSum()" classname="com.amazon.ata.unittesting.AtaAdditionTest" time="0.001"/>
  <testcase name="add_sumOutOfBoundsMin_throwsArithmeticException()" classname="com.amazon.ata.unittesting.AtaAdditionTest" time="0.001"/>
  <system-out><![CDATA[]]></system-out>
  <system-err><![CDATA[]]></system-err>
</testsuite>
